Build started 7/21/2015 1:20:02 PM.
     1>Project "I:\Study\filescan\pcre\pcre.vcxproj" on node 2 (Build target(s)).
     1>ClCompile:
         C:\Program Files (x86)\Microsoft Visual Studio 12.0\VC\bin\CL.exe /c /Zi /nologo /W3 /WX- /O2 /Oi /Oy- /GL /D WIN32 /D NDEBUG /D _LIB /D G /D _WIN32 /D WIN32 /D WINDOWS /D COMPILE_PCRE16 /D _CRT_SECURE_NO_WARNINGS /D HAVE_CONFIG_H /D _LIB /D _UNICODE /D UNICODE /Gm- /EHsc /MD /GS /Gy /fp:precise /Zc:wchar_t /Zc:forScope /Fo"Release\\" /Fd"Release\vc120.pdb" /Gd /TC /analyze- /errorReport:prompt pcre32_xclass.c pcre_byte_order.c pcre_chartables.c pcre_compile.c pcre_config.c pcre_dfa_exec.c pcre_exec.c pcre_fullinfo.c pcre_get.c pcre_globals.c pcre_jit_compile.c pcre_maketables.c pcre_newline.c pcre_ord2utf8.c pcre_refcount.c pcre_string_utils.c pcre_study.c pcre_tables.c pcre_ucd.c pcre_valid_utf8.c pcre_version.c
         pcre32_xclass.c
         pcre_byte_order.c
         pcre_chartables.c
         pcre_compile.c
     1>pcre_compile.c(852): warning C4018: '>' : signed/unsigned mismatch
     1>pcre_compile.c(1090): warning C4018: '>' : signed/unsigned mismatch
         pcre_config.c
         pcre_dfa_exec.c
     1>pcre_dfa_exec.c(1708): warning C4146: unary minus operator applied to unsigned type, result still unsigned
     1>pcre_dfa_exec.c(1752): warning C4146: unary minus operator applied to unsigned type, result still unsigned
     1>pcre_dfa_exec.c(1793): warning C4146: unary minus operator applied to unsigned type, result still unsigned
         pcre_exec.c
         pcre_fullinfo.c
         pcre_get.c
         pcre_globals.c
         pcre_jit_compile.c
         pcre_maketables.c
         pcre_newline.c
         pcre_ord2utf8.c
         pcre_refcount.c
         pcre_string_utils.c
         pcre_study.c
         pcre_tables.c
         pcre_ucd.c
         pcre_valid_utf8.c
         Compiling...
         pcre_version.c
       Lib:
         C:\Program Files (x86)\Microsoft Visual Studio 12.0\VC\bin\Lib.exe /OUT:"I:\Study\filescan\Release\pcre.lib" /NOLOGO /LTCG Release\pcre32_xclass.obj
         Release\pcre_byte_order.obj
         Release\pcre_chartables.obj
         Release\pcre_compile.obj
         Release\pcre_config.obj
         Release\pcre_dfa_exec.obj
         Release\pcre_exec.obj
         Release\pcre_fullinfo.obj
         Release\pcre_get.obj
         Release\pcre_globals.obj
         Release\pcre_jit_compile.obj
         Release\pcre_maketables.obj
         Release\pcre_newline.obj
         Release\pcre_ord2utf8.obj
         Release\pcre_refcount.obj
         Release\pcre_string_utils.obj
         Release\pcre_study.obj
         Release\pcre_tables.obj
         Release\pcre_ucd.obj
         Release\pcre_valid_utf8.obj
         Release\pcre_version.obj
         pcre.vcxproj -> I:\Study\filescan\Release\pcre.lib
     1>Done Building Project "I:\Study\filescan\pcre\pcre.vcxproj" (Build target(s)).

Build succeeded.

Time Elapsed 00:00:02.15
