j:\study\searcher\zlib\obj\debug\zlib\vc120.pdb
j:\study\searcher\zlib\obj\debug\zlib\vc120.idb
j:\study\searcher\zlib\obj\debug\zlib\adler32.obj
j:\study\searcher\zlib\obj\debug\zlib\compress.obj
j:\study\searcher\zlib\obj\debug\zlib\crc32.obj
j:\study\searcher\zlib\obj\debug\zlib\deflate.obj
j:\study\searcher\zlib\obj\debug\zlib\infback.obj
j:\study\searcher\zlib\obj\debug\zlib\inffast.obj
j:\study\searcher\zlib\obj\debug\zlib\inflate.obj
j:\study\searcher\zlib\obj\debug\zlib\inftrees.obj
j:\study\searcher\zlib\obj\debug\zlib\trees.obj
j:\study\searcher\zlib\obj\debug\zlib\uncompr.obj
j:\study\searcher\zlib\obj\debug\zlib\zutil.obj
i:\study\filescan\zlib\obj\debug\zlib\vc120.pdb
i:\study\filescan\zlib\obj\debug\zlib\vc120.idb
i:\study\filescan\zlib\obj\debug\zlib\adler32.obj
i:\study\filescan\zlib\obj\debug\zlib\compress.obj
i:\study\filescan\zlib\obj\debug\zlib\crc32.obj
i:\study\filescan\zlib\obj\debug\zlib\deflate.obj
i:\study\filescan\zlib\obj\debug\zlib\infback.obj
i:\study\filescan\zlib\obj\debug\zlib\inffast.obj
i:\study\filescan\zlib\obj\debug\zlib\inflate.obj
i:\study\filescan\zlib\obj\debug\zlib\inftrees.obj
i:\study\filescan\zlib\obj\debug\zlib\trees.obj
i:\study\filescan\zlib\obj\debug\zlib\uncompr.obj
i:\study\filescan\zlib\obj\debug\zlib\zutil.obj
i:\study\agent\filescan\zlib\obj\debug\zlib\vc120.pdb
i:\study\agent\filescan\zlib\obj\debug\zlib\vc120.idb
i:\study\agent\filescan\zlib\obj\debug\zlib\adler32.obj
i:\study\agent\filescan\zlib\obj\debug\zlib\compress.obj
i:\study\agent\filescan\zlib\obj\debug\zlib\crc32.obj
i:\study\agent\filescan\zlib\obj\debug\zlib\deflate.obj
i:\study\agent\filescan\zlib\obj\debug\zlib\infback.obj
i:\study\agent\filescan\zlib\obj\debug\zlib\inffast.obj
i:\study\agent\filescan\zlib\obj\debug\zlib\inflate.obj
i:\study\agent\filescan\zlib\obj\debug\zlib\inftrees.obj
i:\study\agent\filescan\zlib\obj\debug\zlib\trees.obj
i:\study\agent\filescan\zlib\obj\debug\zlib\uncompr.obj
i:\study\agent\filescan\zlib\obj\debug\zlib\zutil.obj
j:\study\searcher\dbg\zlib.lib
i:\study\filescan\dbg\zlib.lib
i:\study\agent\filescan\dbg\zlib.lib
i:\study\filescan\dbg\zlib.ilk
i:\study\filescan\dbg\zlib.dll
i:\study\filescan\dbg\zlib.pdb
i:\study\filescan\zlib\..\dbg\zlib.lib
i:\study\filescan\zlib\obj\debug\zlib\zlib.tlog\cl.command.1.tlog
i:\study\filescan\zlib\obj\debug\zlib\zlib.tlog\cl.read.1.tlog
i:\study\filescan\zlib\obj\debug\zlib\zlib.tlog\cl.write.1.tlog
i:\study\filescan\zlib\obj\debug\zlib\zlib.tlog\lib-link.read.1.tlog
i:\study\filescan\zlib\obj\debug\zlib\zlib.tlog\lib-link.write.1.tlog
i:\study\filescan\zlib\obj\debug\zlib\zlib.tlog\lib.command.1.tlog
i:\study\filescan\zlib\obj\debug\zlib\zlib.tlog\link.command.1.tlog
i:\study\filescan\zlib\obj\debug\zlib\zlib.tlog\link.read.1.tlog
i:\study\filescan\zlib\obj\debug\zlib\zlib.tlog\link.write.1.tlog
i:\study\filescan\zlib\obj\debug\zlib\zlib.tlog\zlib.write.1u.tlog
