Build started 7/21/2015 5:28:03 PM.
     1>Project "I:\Study\filescan\filescan\filescan.vcxproj" on node 2 (Build target(s)).
     1>ClCompile:
         C:\Program Files (x86)\Microsoft Visual Studio 12.0\VC\bin\CL.exe /c /I..\zlib /I..\pthread /I..\doctotext /II:\Study\filescan\pcre /Zi /nologo /W3 /WX- /Ox /Oy- /GL /D NDEBUG /D _WIN32 /D WIN32 /D WINDOWS /D _CRT_SECURE_NO_WARNINGS /D PCRE_STATIC /D _UNICODE /D UNICODE /GF /Gm- /MD /GS /Gy /fp:precise /Zc:wchar_t /Zc:forScope /GR- /FA /Fa"obj\Release\filescan\\" /Fo"obj\Release\filescan\\" /Fd"obj\Release\filescan\vc120.pdb" /Gd /TC /analyze- /errorReport:prompt /wd4800 /wd4127 /wd4100 /wd4244 /TP binarytotext.c decompress.c dirent.c getopt.c ignore.c lang.c log.c main.c options.c print.c print_w32.c scandir.c search.c unistd.c util.c
     1>cl : Command line warning D9025: overriding '/TC' with '/TP'
         binarytotext.c
     1>C:\Program Files (x86)\Microsoft Visual Studio 12.0\VC\include\xlocale(337): warning C4530: C++ exception handler used, but unwind semantics are not enabled. Specify /EHsc
         decompress.c
         dirent.c
         getopt.c
         ignore.c
         lang.c
         log.c
         main.c
         options.c
         print.c
         print_w32.c
         scandir.c
         search.c
         unistd.c
         util.c
         C:\Program Files (x86)\Microsoft Visual Studio 12.0\VC\bin\CL.exe /c /I..\zlib /I..\pthread /I..\doctotext /II:\Study\filescan\pcre /Zi /nologo /W3 /WX- /Ox /Oy- /GL /D NDEBUG /D _WIN32 /D WIN32 /D WINDOWS /D _CRT_SECURE_NO_WARNINGS /D PCRE_STATIC /D _UNICODE /D UNICODE /GF /Gm- /MD /GS /Gy /fp:precise /Zc:wchar_t /Zc:forScope /GR- /FA /Fa"obj\Release\filescan\\" /Fo"obj\Release\filescan\\" /Fd"obj\Release\filescan\vc120.pdb" /Gd /TP /analyze- /errorReport:prompt /wd4800 /wd4127 /wd4100 /wd4244 /TP kjk_crash_handler.cpp
         kjk_crash_handler.cpp
       Link:
         C:\Program Files (x86)\Microsoft Visual Studio 12.0\VC\bin\link.exe /ERRORREPORT:PROMPT /OUT:"..\rel\filescan.exe" /INCREMENTAL:NO /NOLOGO /LIBPATH:..\doctotext Shlwapi.lib ..\rel\pthread.lib ..\rel\zlib.lib ..\rel\pcre.lib kernel32.lib user32.lib gdi32.lib winspool.lib comdlg32.lib advapi32.lib shell32.lib ole32.lib oleaut32.lib uuid.lib odbc32.lib odbccp32.lib /MANIFEST /MANIFESTUAC:"level='asInvoker' uiAccess='false'" /manifest:embed /DEBUG /PDB:"..\rel\filescan.pdb" /SUBSYSTEM:CONSOLE /OPT:REF /OPT:ICF /LTCG /TLBID:1 /DYNAMICBASE /NXCOMPAT /IMPLIB:"..\rel\filescan.lib" /MACHINE:X86 /SAFESEH obj\Release\filescan\binarytotext.obj
         obj\Release\filescan\decompress.obj
         obj\Release\filescan\dirent.obj
         obj\Release\filescan\getopt.obj
         obj\Release\filescan\ignore.obj
         obj\Release\filescan\kjk_crash_handler.obj
         obj\Release\filescan\lang.obj
         obj\Release\filescan\log.obj
         obj\Release\filescan\main.obj
         obj\Release\filescan\options.obj
         obj\Release\filescan\print.obj
         obj\Release\filescan\print_w32.obj
         obj\Release\filescan\scandir.obj
         obj\Release\filescan\search.obj
         obj\Release\filescan\unistd.obj
         obj\Release\filescan\util.obj
     1>LINK : warning LNK4098: defaultlib 'LIBCMT' conflicts with use of other libs; use /NODEFAULTLIB:library
         Generating code
         Finished generating code
         filescan.vcxproj -> I:\Study\filescan\filescan\..\rel\filescan.exe
     1>Done Building Project "I:\Study\filescan\filescan\filescan.vcxproj" (Build target(s)).

Build succeeded.

Time Elapsed 00:00:11.46
