i:\study\filescan\filescan\obj\release\filescan\vc120.pdb
i:\study\filescan\filescan\obj\release\filescan\util.obj
i:\study\filescan\filescan\obj\release\filescan\unistd.obj
i:\study\filescan\filescan\obj\release\filescan\search.obj
i:\study\filescan\filescan\obj\release\filescan\scandir.obj
i:\study\filescan\filescan\obj\release\filescan\print_w32.obj
i:\study\filescan\filescan\obj\release\filescan\print.obj
i:\study\filescan\filescan\obj\release\filescan\options.obj
i:\study\filescan\filescan\obj\release\filescan\main.obj
i:\study\filescan\filescan\obj\release\filescan\log.obj
i:\study\filescan\filescan\obj\release\filescan\lang.obj
i:\study\filescan\filescan\obj\release\filescan\ignore.obj
i:\study\filescan\filescan\obj\release\filescan\getopt.obj
i:\study\filescan\filescan\obj\release\filescan\dirent.obj
i:\study\filescan\filescan\obj\release\filescan\decompress.obj
i:\study\filescan\filescan\obj\release\filescan\binarytotext.obj
i:\study\filescan\filescan\obj\release\filescan\kjk_crash_handler.obj
i:\study\filescan\filescan\obj\release\filescan\filescan.tlog\cl.command.1.tlog
i:\study\filescan\filescan\obj\release\filescan\filescan.tlog\cl.read.1.tlog
i:\study\filescan\filescan\obj\release\filescan\filescan.tlog\cl.write.1.tlog
i:\study\filescan\filescan\obj\release\filescan\filescan.tlog\link-cvtres.read.1.tlog
i:\study\filescan\filescan\obj\release\filescan\filescan.tlog\link-cvtres.write.1.tlog
i:\study\filescan\filescan\obj\release\filescan\filescan.tlog\link-rc.read.1.tlog
i:\study\filescan\filescan\obj\release\filescan\filescan.tlog\link-rc.write.1.tlog
i:\study\filescan\filescan\obj\release\filescan\filescan.tlog\link.command.1.tlog
i:\study\filescan\filescan\obj\release\filescan\filescan.tlog\link.read.1.tlog
i:\study\filescan\filescan\obj\release\filescan\filescan.tlog\link.write.1.tlog
