i:\study\filescan\filescan\obj\debug\filescan\vc120.pdb
i:\study\filescan\filescan\obj\debug\filescan\vc120.idb
i:\study\filescan\filescan\obj\debug\filescan\util.obj
i:\study\filescan\filescan\obj\debug\filescan\unistd.obj
i:\study\filescan\filescan\obj\debug\filescan\search.obj
i:\study\filescan\filescan\obj\debug\filescan\scandir.obj
i:\study\filescan\filescan\obj\debug\filescan\print_w32.obj
i:\study\filescan\filescan\obj\debug\filescan\print.obj
i:\study\filescan\filescan\obj\debug\filescan\options.obj
i:\study\filescan\filescan\obj\debug\filescan\main.obj
i:\study\filescan\filescan\obj\debug\filescan\log.obj
i:\study\filescan\filescan\obj\debug\filescan\lang.obj
i:\study\filescan\filescan\obj\debug\filescan\ignore.obj
i:\study\filescan\filescan\obj\debug\filescan\getopt.obj
i:\study\filescan\filescan\obj\debug\filescan\dirent.obj
i:\study\filescan\filescan\obj\debug\filescan\decompress.obj
i:\study\filescan\filescan\obj\debug\filescan\kjk_crash_handler.obj
i:\study\filescan\filescan\obj\debug\filescan\binarytotext.obj
i:\study\filescan\dbg\filescan.ilk
i:\study\filescan\dbg\filescan.exe
i:\study\filescan\dbg\filescan.pdb
i:\study\filescan\filescan\..\dbg\filescan.exe
i:\study\filescan\filescan\obj\debug\filescan\filescan.tlog\cl.command.1.tlog
i:\study\filescan\filescan\obj\debug\filescan\filescan.tlog\cl.read.1.tlog
i:\study\filescan\filescan\obj\debug\filescan\filescan.tlog\cl.write.1.tlog
i:\study\filescan\filescan\obj\debug\filescan\filescan.tlog\link.command.1.tlog
i:\study\filescan\filescan\obj\debug\filescan\filescan.tlog\link.read.1.tlog
i:\study\filescan\filescan\obj\debug\filescan\filescan.tlog\link.write.1.tlog
