i:\study\filescan\pcre\obj\release\pcre\vc120.pdb
i:\study\filescan\pcre\obj\release\pcre\pcre_valid_utf8.obj
i:\study\filescan\pcre\obj\release\pcre\pcre_ucd.obj
i:\study\filescan\pcre\obj\release\pcre\pcre_tables.obj
i:\study\filescan\pcre\obj\release\pcre\pcre_study.obj
i:\study\filescan\pcre\obj\release\pcre\pcre_string_utils.obj
i:\study\filescan\pcre\obj\release\pcre\pcre_refcount.obj
i:\study\filescan\pcre\obj\release\pcre\pcre_ord2utf8.obj
i:\study\filescan\pcre\obj\release\pcre\pcre_newline.obj
i:\study\filescan\pcre\obj\release\pcre\pcre_maketables.obj
i:\study\filescan\pcre\obj\release\pcre\pcre_jit_compile.obj
i:\study\filescan\pcre\obj\release\pcre\pcre_globals.obj
i:\study\filescan\pcre\obj\release\pcre\pcre_get.obj
i:\study\filescan\pcre\obj\release\pcre\pcre_fullinfo.obj
i:\study\filescan\pcre\obj\release\pcre\pcre_exec.obj
i:\study\filescan\pcre\obj\release\pcre\pcre_dfa_exec.obj
i:\study\filescan\pcre\obj\release\pcre\pcre_config.obj
i:\study\filescan\pcre\obj\release\pcre\pcre_compile.obj
i:\study\filescan\pcre\obj\release\pcre\pcre_chartables.obj
i:\study\filescan\pcre\obj\release\pcre\pcre_byte_order.obj
i:\study\filescan\pcre\obj\release\pcre\pcre32_xclass.obj
i:\study\filescan\pcre\obj\release\pcre\pcre_version.obj
i:\study\filescan\rel\pcre.lib
i:\study\filescan\pcre\..\rel\pcre.lib
i:\study\filescan\pcre\obj\release\pcre\pcre.tlog\cl.command.1.tlog
i:\study\filescan\pcre\obj\release\pcre\pcre.tlog\cl.read.1.tlog
i:\study\filescan\pcre\obj\release\pcre\pcre.tlog\cl.write.1.tlog
i:\study\filescan\pcre\obj\release\pcre\pcre.tlog\lib-link.read.1.tlog
i:\study\filescan\pcre\obj\release\pcre\pcre.tlog\lib-link.write.1.tlog
i:\study\filescan\pcre\obj\release\pcre\pcre.tlog\lib.command.1.tlog
